<?xml version="1.0" encoding="UTF-8"?><testrun name="LoginRunner (1)" project="Cumcumber" tests="5" started="5" failures="0" errors="2" ignored="1">
  <testsuite name="runners.LoginRunner" time="11.336">
    <testsuite name="Feature: Techfios login functionality validation" time="11.336">
      <testsuite name="Scenario Outline: User should be able to login with valid credentials" time="11.336">
        <testsuite name="Examples:" time="11.336">
          <testsuite name="| demo@techfios.com | abc123 |" time="11.333" incomplete="true">
            <error>org.openqa.selenium.TimeoutException: timeout: Timed out receiving message from renderer: 5.000
  (Session info: chrome=95.0.4638.69)
Build info: version: '3.14.0', revision: 'aacccce0', time: '2018-08-02T20:19:58.91Z'
System info: host: 'DESKTOP-GEPHIER', ip: '192.168.1.92', os.name: 'Windows 10', os.arch: 'amd64', os.version: '10.0', java.version: '1.8.0_301'
Driver info: org.openqa.selenium.chrome.ChromeDriver
Capabilities {acceptInsecureCerts: false, browserName: chrome, browserVersion: 95.0.4638.69, chrome: {chromedriverVersion: 95.0.4638.54 (d31a821ec901f..., userDataDir: C:\Users\skysuraj\AppData\L...}, goog:chromeOptions: {debuggerAddress: localhost:58147}, javascriptEnabled: true, networkConnectionEnabled: false, pageLoadStrategy: normal, platform: WINDOWS, platformName: WINDOWS, proxy: Proxy(), setWindowRect: true, strictFileInteractability: false, timeouts: {implicit: 0, pageLoad: 300000, script: 30000}, unhandledPromptBehavior: dismiss and notify, webauthn:extension:credBlob: true, webauthn:extension:largeBlob: true, webauthn:virtualAuthenticators: true}
Session ID: d32fc6bafb23aebb3fe2ba6604e80e1b&#13;
	at sun.reflect.NativeConstructorAccessorImpl.newInstance0(Native Method)&#13;
	at sun.reflect.NativeConstructorAccessorImpl.newInstance(NativeConstructorAccessorImpl.java:62)&#13;
	at sun.reflect.DelegatingConstructorAccessorImpl.newInstance(DelegatingConstructorAccessorImpl.java:45)&#13;
	at java.lang.reflect.Constructor.newInstance(Constructor.java:423)&#13;
	at org.openqa.selenium.remote.http.W3CHttpResponseCodec.createException(W3CHttpResponseCodec.java:187)&#13;
	at org.openqa.selenium.remote.http.W3CHttpResponseCodec.decode(W3CHttpResponseCodec.java:122)&#13;
	at org.openqa.selenium.remote.http.W3CHttpResponseCodec.decode(W3CHttpResponseCodec.java:49)&#13;
	at org.openqa.selenium.remote.HttpCommandExecutor.execute(HttpCommandExecutor.java:158)&#13;
	at org.openqa.selenium.remote.service.DriverCommandExecutor.execute(DriverCommandExecutor.java:83)&#13;
	at org.openqa.selenium.remote.RemoteWebDriver.execute(RemoteWebDriver.java:548)&#13;
	at org.openqa.selenium.remote.RemoteWebElement.execute(RemoteWebElement.java:276)&#13;
	at org.openqa.selenium.remote.RemoteWebElement.click(RemoteWebElement.java:83)&#13;
	at sun.reflect.NativeMethodAccessorImpl.invoke0(Native Method)&#13;
	at sun.reflect.NativeMethodAccessorImpl.invoke(NativeMethodAccessorImpl.java:62)&#13;
	at sun.reflect.DelegatingMethodAccessorImpl.invoke(DelegatingMethodAccessorImpl.java:43)&#13;
	at java.lang.reflect.Method.invoke(Method.java:498)&#13;
	at org.openqa.selenium.support.pagefactory.internal.LocatingElementHandler.invoke(LocatingElementHandler.java:51)&#13;
	at com.sun.proxy.$Proxy17.click(Unknown Source)&#13;
	at pages.LoginPage.clickSigninButton(LoginPage.java:44)&#13;
	at steps.LoginStepDefination.user_clicks_on_SignIn_button(LoginStepDefination.java:39)&#13;
	at ✽.And USer clicks on SignIn button(features/TF_Login.feature:10)&#13;
&#13;
</error>
            <testcase name="Given User is on Techfios login page" classname="| demo@techfios.com | abc123 |" time="0.0"/>
            <testcase name="When User enters username as &quot;demo@techfios.com&quot;" classname="| demo@techfios.com | abc123 |" time="0.0"/>
            <testcase name="When User enters password as &quot;abc123&quot;" classname="| demo@techfios.com | abc123 |" time="0.0"/>
            <testcase name="And USer clicks on SignIn button" classname="| demo@techfios.com | abc123 |" time="0.007">
              <error>org.openqa.selenium.TimeoutException: timeout: Timed out receiving message from renderer: 5.000
  (Session info: chrome=95.0.4638.69)
Build info: version: '3.14.0', revision: 'aacccce0', time: '2018-08-02T20:19:58.91Z'
System info: host: 'DESKTOP-GEPHIER', ip: '192.168.1.92', os.name: 'Windows 10', os.arch: 'amd64', os.version: '10.0', java.version: '1.8.0_301'
Driver info: org.openqa.selenium.chrome.ChromeDriver
Capabilities {acceptInsecureCerts: false, browserName: chrome, browserVersion: 95.0.4638.69, chrome: {chromedriverVersion: 95.0.4638.54 (d31a821ec901f..., userDataDir: C:\Users\skysuraj\AppData\L...}, goog:chromeOptions: {debuggerAddress: localhost:58147}, javascriptEnabled: true, networkConnectionEnabled: false, pageLoadStrategy: normal, platform: WINDOWS, platformName: WINDOWS, proxy: Proxy(), setWindowRect: true, strictFileInteractability: false, timeouts: {implicit: 0, pageLoad: 300000, script: 30000}, unhandledPromptBehavior: dismiss and notify, webauthn:extension:credBlob: true, webauthn:extension:largeBlob: true, webauthn:virtualAuthenticators: true}
Session ID: d32fc6bafb23aebb3fe2ba6604e80e1b&#13;
	at sun.reflect.NativeConstructorAccessorImpl.newInstance0(Native Method)&#13;
	at sun.reflect.NativeConstructorAccessorImpl.newInstance(NativeConstructorAccessorImpl.java:62)&#13;
	at sun.reflect.DelegatingConstructorAccessorImpl.newInstance(DelegatingConstructorAccessorImpl.java:45)&#13;
	at java.lang.reflect.Constructor.newInstance(Constructor.java:423)&#13;
	at org.openqa.selenium.remote.http.W3CHttpResponseCodec.createException(W3CHttpResponseCodec.java:187)&#13;
	at org.openqa.selenium.remote.http.W3CHttpResponseCodec.decode(W3CHttpResponseCodec.java:122)&#13;
	at org.openqa.selenium.remote.http.W3CHttpResponseCodec.decode(W3CHttpResponseCodec.java:49)&#13;
	at org.openqa.selenium.remote.HttpCommandExecutor.execute(HttpCommandExecutor.java:158)&#13;
	at org.openqa.selenium.remote.service.DriverCommandExecutor.execute(DriverCommandExecutor.java:83)&#13;
	at org.openqa.selenium.remote.RemoteWebDriver.execute(RemoteWebDriver.java:548)&#13;
	at org.openqa.selenium.remote.RemoteWebElement.execute(RemoteWebElement.java:276)&#13;
	at org.openqa.selenium.remote.RemoteWebElement.click(RemoteWebElement.java:83)&#13;
	at sun.reflect.NativeMethodAccessorImpl.invoke0(Native Method)&#13;
	at sun.reflect.NativeMethodAccessorImpl.invoke(NativeMethodAccessorImpl.java:62)&#13;
	at sun.reflect.DelegatingMethodAccessorImpl.invoke(DelegatingMethodAccessorImpl.java:43)&#13;
	at java.lang.reflect.Method.invoke(Method.java:498)&#13;
	at org.openqa.selenium.support.pagefactory.internal.LocatingElementHandler.invoke(LocatingElementHandler.java:51)&#13;
	at com.sun.proxy.$Proxy17.click(Unknown Source)&#13;
	at pages.LoginPage.clickSigninButton(LoginPage.java:44)&#13;
	at steps.LoginStepDefination.user_clicks_on_SignIn_button(LoginStepDefination.java:39)&#13;
	at ✽.And USer clicks on SignIn button(features/TF_Login.feature:10)&#13;
&#13;
</error>
            </testcase>
            <testcase name="Then User should land on dashboard page" classname="| demo@techfios.com | abc123 |" time="0.0" ignored="true"/>
          </testsuite>
        </testsuite>
      </testsuite>
    </testsuite>
  </testsuite>
</testrun>
